20.9848060424034
21.03478122366712
20.80578339344544
20.760343016928818
20.785317445065623
20.79657613415074
20.72696561458279
20.734945287704257
20.620909761228624
20.776303513837053
20.86193493142599
20.809828447826973
20.936384440479554
20.875590016852865
20.747910507153243
20.647292072816995
20.770827011536543
20.747767143320882
20.812678342723068
20.79240454653537
20.78462784665964
20.83065638990261
20.908027502633
20.638603785717255
20.616627865439916
20.42165579706815
20.42269182962156
20.267673664750365
20.176862184650645
20.252323950993055
20.32671434038141
20.25189694486802
20.089833360429125
20.076881413058768
20.06366675528856
20.12916735487268
20.19481791612361
20.220959034889738
20.391351381947107
20.468362066232526
20.50478779421331
20.29988385463744
20.20184016027084
20.160660479935387
20.30684916730211
20.29287310229316
20.20869530237769
20.096032430065335
20.260651795389546
20.40156224157241
20.44361676737432
20.439478150998287
20.621195045682907
20.700746141057646
20.717465113144094
20.73001145882982
20.65063950735097
20.77747091145985
20.624957077643916
20.62186265555243
20.55141580402791
20.39748538832445
20.339325128228175
20.408415342599483
20.419546646710053
20.341494517587208
20.39815869462009
20.59375346825049
20.73741231254656
20.82606755520945
20.916903403332594
21.00883746228274
20.91862770521316
20.84044185090595
20.902591035184273
20.882374980815047
20.785217601767904
20.74079041834467
20.72604104653718
20.74266204223335
20.791113112934887
20.93219597208327
20.837293384791074
20.75121637735032
20.88159281499738
20.94462230898491
20.967334893724203
21.012224090554877
20.962374838525374
20.912674338849857
20.97682841094407
20.881506663027853
20.692085344905134
20.573292623219704
20.514507170356353
20.49271925782758
20.692724764319127
20.69061274992294
20.697210222227092
20.615188429783316
20.574504106503138
20.582368229163226
20.658888521500614
20.834111135111588
20.796075025421786
20.862445327027903
20.88965221218537
21.038472053887087
20.890204860293593
20.789251596323574
20.869945739826175
20.828587196009433
20.777875971998302
20.7890409858656
20.78497952787997
20.69726235840047
20.858149277554485
20.77825657666831
20.909209492334526
21.017481141895225
20.97521457094768
20.943166536026474
21.033092341130754
21.029307424491194
21.137400422555523
21.080956851144464
21.037080127692615
20.885859094991957
20.79169082453708
20.861904630525515
20.82509994841634
20.693302097344407
20.644027811523
20.57078383926195
20.374312770676184
20.455635758518593
20.43817346911424
20.571502296193003
20.72852778467137
20.718968986879158
20.68674689211327
20.44664342311337
20.378571972569553
20.56902407868657
20.222834587349116
20.226001709038016
20.407171745303728
20.15538283997651
20.23540201897449
20.206151482948147
20.287028358547968
20.2892323401905
20.519627913798672
20.56047655747337
20.384288793388794
20.13215543605022
20.232798643327733
20.30600735238493
20.219896469501908
20.159139254485417
20.092501777593117
20.081410513671603
20.17336107451973
19.887545798872257
19.88942579394715
19.97663787181763
20.060620576310768
20.081711812304157
19.970936127315113
20.098643359984745
20.065622385978106
20.067194204804043
20.077921531159298
19.995817486436593
19.88211393900631
19.9084638110882
19.93718923411253
20.166322030472493
20.113888607347832
20.2195158133458
20.361084137146573
20.425326051225763
20.318567621927016
20.25878788914821
20.35205442989108
20.09148536913139
20.07619804850484
20.111566361443536
20.102392203980404
20.098948185130066
20.1867928271678
20.11351753794693
20.24905589101713
20.138357514531467
20.148560812953008
19.79074144135989
19.704920123245444
19.50095456906286
19.91828342493715
19.779767030494867
20.075556999324316
19.992550989363764
20.00975129729376
20.166320587035308
20.318197904754722
20.184926251667264
20.18400920371503
20.36731217946795
20.328347483981595
20.178842383348123
20.29389150045072
20.08133064388914
20.063018194457577
20.31749288224375
20.339655177335004
20.303436244791286
20.33388179928327
20.161515552036196
20.294935643911014
20.467191054038505
20.451891324247907
20.475613982348573
20.429533359774968
20.56642869342959
20.526709449406862
20.477635377051744
20.374818876792396
20.39158667840716
20.39267211394423
20.397091287443896
20.461908715635015
20.318297495130157
20.358401985785612
20.3628251706389
20.184171302778893
20.353205909394987
20.520987987950384
20.60424002071229
20.589244019095784
20.649338229464554
20.57145835439793
20.600020334429153
20.53566338790152
20.664070659974822
20.613592423485294
20.622296466847377
20.722401648746843
20.65357968939845
20.73445705951114
20.73818565612534
20.753157669100023
20.807214671454126
20.640893930967053
20.669412755342204
20.817376779393246
20.77795017514204
20.795415646615727
20.887873908230706
20.817182562250057
20.645489816823872
20.473342726182597
20.396858896584828
20.467049041269707
20.44297176936405
20.368978915241765
20.52791387970172
20.63149093583424
20.612572942106826
20.73901012259538
20.65567542514813
20.598981287558072
20.398447000917518
20.258955944373778
20.199418154325954
20.34965251645159
20.28886714704759
20.220900149810678
20.318524379124614
20.432786605152355
20.453074801428258
20.31073751296862
20.156900093450503
20.200407832895582
20.278068818046574
20.23070905567049
20.13623902618104
20.18362561090309
19.99858738123774
20.16562911152056
20.147574593818096
20.126497545079577
20.1950548884024
20.11698678379408
20.0816489157989
20.083061786892614
19.87164590034994
19.674965857899476
19.80535535900754
19.977016137675093
19.934646021841708
19.934092510253183
19.603733714274487
19.528871856846667
19.49454929995817
19.74722576216006
19.887693126846106
19.934389649316024
19.485931718738563
19.227616918409606
19.027573236748307
19.07317958552547
19.189132019968927
19.5245003632078
19.36666139999476
19.428880380131687
19.48485533738138
19.61866446345515
19.391460979596665
19.400630818998657
19.330608857799007
19.576084024533557
19.36614791189455
19.404245397711684
19.561622078933507
19.427136343778216
19.303409800036512
18.831696704032787
19.118912221419592
18.71158477513844
18.506585368132164
18.46886526792255
18.29668237877561
18.37021070999987
17.700582887800515
17.848389707112027
17.841479162813897
18.066718696827436
17.912493520668498
18.223223284506147
17.717980200079378
18.261310578168118
18.353771108867047
18.14634271713241
17.87432067192597
18.137786812537097
18.297320632414014
18.009328676319384
17.830737388881644
17.857482992519877
17.42785679905208
17.306270558860433
17.397022524789982
17.741530264785542
17.740300920366636
17.57388416003537
16.92409454270043
16.76102012344937
16.62500154602502
15.916449883749756
15.93857387230939
16.26683141272398
16.896778117368715
16.454269425957893
16.323270501023504
16.428928859656963
16.632402013936186
17.115951357313573
17.26432165603517
17.429216167354515
17.570845503041383
17.86183380657861
18.17794073739687
17.978500571325235
18.749948457405683
18.70747986802404
18.918138050182627
18.82975074718695
18.624100117848002
18.32538777188537
18.349808856268574
17.997238211318916
18.03509070976266
17.820766088304904
17.642688726546478
17.76128900666304
17.603491504634757
17.503849751728165
17.26035449976562
17.45782000721195
17.90172267978845
17.657576268804938
17.287021715325498
18.002772202630986
17.533931404943505
17.66282952316248
18.86267840555944
18.69451497578929
18.600424157878138
18.385593164483332
18.46585178128872
18.636626560994383
17.62487843671223
18.21243953121364
18.361344869238483
18.400913335919093
18.781775155239373
18.19809428724461
17.73846675564875
18.06371550064475
18.554961977690546
18.738661255520324
18.239584970575613
18.45292624002498
18.81679318775238
18.83310882472172
19.11976135928813
19.311166329331847
19.252729213731715
18.829343733775154
18.936155589675852
19.058996133854574
18.943400357415694
19.127925608644507
19.34586541348688
19.18095508130857
19.544497855542577
19.445603791740613
19.594544649955328
19.504352072944748
19.402911394636256
19.387140671777292
19.2140813150599
19.13030089492078
19.368749246392472
19.2708613323572
19.108591963558766
18.93580552754661
18.84697188950391
19.54238125181138
19.615520699757102
19.54257200464294
19.70268319731513
19.729945290877232
19.919236848909314
19.914093922455546
20.154089387414153
20.290195188605733
20.50542657701174
20.514995139733852
20.41345569948043
19.98886000370853
20.092159556601164
20.079946512763055
19.962448609554972
20.070526841423888
20.11134634732341
20.04555236069465
20.200494066534294
20.09835734516999
20.17583890286821
20.39146829717017
20.41923573634076
20.557363799748092
20.517655159583594
20.531142629180376
20.501395622347623
20.413558774432246
20.305280527314007
20.589806128967915
20.668762359017624
20.658349071706496
20.70887908496756
20.809868040201884
20.701929506781163
20.703105896567894
20.772785858500075
20.83198657801588
20.785800196286107
20.636269998441854
20.575641988924065
20.51034846674612
20.635775705799304
20.585537884352675
20.630107528301338
20.593808119636897
20.58921546021266
20.504292652519666
20.566910925957373
20.495796789049162
20.41604397233199
20.532305230296362
20.516848383188623
20.521454512884972
20.554810381947192
20.64603675529028
20.68666302611174
20.73962690661856
20.731323221951264
20.955397501548376
20.839585700133163
20.842767564196897
20.96223500849689
20.959138178461448
20.955070585571896
20.921043600236047
20.918270006814584
20.814613131497175
20.833731827263303
20.813587120120577
20.793128948259454
20.839882847400915
21.005381354031254
20.99440047793372
21.083249467996932
21.058024928642308
21.05777299733216
21.125408037051173
21.10507854901859
21.269554735823483
21.330366091146892
21.303668759494393
21.271736001139615
21.106737735617497
20.971194007827034
20.816525159251686
20.72853602940179
20.642826080436887
20.70487108193766
20.731087893217214
20.641982597610195
20.541203340148634
20.522234202444444
20.397032818779746
20.13110768680049
19.79775609920796
19.812715741218945
19.38168013320057
19.70038750115167
20.081306647556666
19.875848378650133
19.775258750707383
19.607777943095872
19.40049311034919
19.645669350313643
19.871321558152747
19.996343779934104
20.231454752909162
20.339363427117
20.252985995251144
20.433686069210204
20.279039248144997
20.310656271069274
20.347995716548535
20.18461725155208
20.38459231740897
20.1684968565465
20.14932462163838
20.353278838042765
20.18061824728279
19.991116272087055
19.734130911575633
19.908011298826004
19.96769754758314
20.04298347933479
19.93506871703689
19.834043008797643
19.983330656080916
20.0373818447667
19.99581658221796
20.095153780287347
20.128766588050404
19.863111622165853
19.884836140467115
19.84825875902213
19.916723825558993
19.95639012574467
19.88502176555373
19.82174758796873
19.87214128468933
19.766339445942915
19.852806754445204
19.757689914575604
20.042235343669965
20.021975118962747
19.8137435003007
19.875727826802553
19.9071290367779
20.05169763986429
20.108826227109375
20.18494817618342
20.24926967151277
19.962973133112474
20.057554052252957
19.905604395388348
19.77695691701243
19.33860365102319
19.180787210065127
19.11047188094653
18.931182058849192
18.68124669004445
19.163938696048472
19.15998665551673
18.816403577125342
18.700434397155817
18.255951816037854
18.378409836242103
17.91787615387607
16.99415383225127
17.22468149893948
17.926832296357475
17.526825768188502
17.92303218217688
17.529489246400182
17.541003087496165
17.431195027788917
17.87314303267017
18.513331463605503
18.64588602584056
18.938167290866055
18.42517479770912
18.224926760447673
18.604481405614507
18.668385389511958
18.008029138060916
17.94382031980357
17.661726884071708
18.153817205718752
17.386935048212436
17.822540034050874
18.159736022243713
18.589492482844314
18.02547595801512
18.198840705931367
18.412744121214416
18.571104327024937
18.757945374279696
19.28529860909387
19.382132836873808
19.457978281506556
19.31488693404228
19.22465625990538
19.548931482192643
19.204607743680196
19.2884372445522
19.704288768527032
19.976091775304383
19.486113691936595
19.513109622541364
19.595901064436976
19.611552125035978
19.640659168666534
19.54200937409742
19.142442564214207
19.202286602988657
19.173055327633342
18.944244652019798
18.786827075997643
18.447353641055994
18.598497908155956
18.64110037219618
18.744746439158064
19.22333321909232
19.04386186855392
18.996420735662955
18.9635145240656
18.96679243914745
19.04080120597399
19.203164208384255
19.14471352116191
19.09108270643252
19.222794081011607
19.41807765176436
18.620082545881232
18.192135122135152
18.5135462423466
18.418005691372993
18.182073423335815
18.259831072215935
17.826166758664773
17.886971659307257
18.201964918388413
18.091368208081484
17.980866233976727
17.490923305246934
18.119392293092435
18.540473751176496
18.48186779740645
18.645526146001423
19.160997175861855
19.62310951342417
19.68331007310973
19.589133414940896
19.301381316266173
19.274366375906023
19.207427697461775
19.493513218799084
19.75917358636524
19.70584919164861
19.879516590637262
19.84130671947244
19.48731214483152
19.487844219070666
19.49948015876753
19.615837737165823
19.613170382218915
19.364722579308093
19.24788528188017
19.412269184200202
19.77646706488423
19.608894231888026
19.57278387652527
19.75372255820299
19.702836214398758
19.529327980843
19.656914322876773
19.360780543824163
19.452504322574114
19.747373364457417
19.892577870154856
19.835158119489083
19.817844198204742
19.881960088110688
20.198238678710094
20.07213282474023
19.846463273928574
19.83759947822296
19.827277312275687
19.39776566502996
19.167009733643127
19.21665341618417
18.81556852862914
19.166366743632086
18.590710419058112
18.4831002053979
18.393424150924464
18.394879497058117
18.228778540314305
18.419377788326337
17.955207061716443
18.22399174158769
18.522478635501063
18.12442625860191
17.835027959883163
18.116158971133263
18.1500031827389
17.4526482490907
17.599293935174032
17.985363128345874
17.082977589348985
16.93008014069856
17.008885366874647
16.813128877085543
17.290400303424967
17.344767570366944
17.247157325784237
16.782934932657213
17.210855721665393
16.545673761459895
17.2352148697206
17.420321969135408
18.331111871582902
18.66978988836573
18.453295057059837
18.878019327537892
18.859836836466865
19.279159702862838
18.590828981681764
18.35609693238928
18.306415960263607
18.659311210671277
18.889187442766396
19.305499985104646
19.362639719511424
19.324596788733924
19.514709949423455
19.37139325903926
19.49936426076053
19.565607730331312
19.716738136270997
19.583690483899005
19.683927439591614
19.54027570271696
19.202443215333638
19.464856375509278
19.497463740767277
19.698209597427017
19.912103453647287
19.771899768393034
19.743198510342282
19.979230829378388
20.25959541717973
20.267371742696266
20.326186975507518
20.334233452784517
20.30464883536772
20.078107955298655
19.993388918963007
19.902440453144862
20.109879147503825
20.27420691995471
20.201299561893556
20.14249481106685
20.24535256691849
20.19291684939531
19.920010908505166
19.868078139049707
19.90029665484985
20.005477826762867
19.67164563771215
19.639482444054817
19.677113292003437
19.684481051523118
19.753327638612454
19.907569655445858
20.07976988431537
19.946347772181092
19.657923818068657
19.692225046474732
19.586075907636086
19.45634029092661
19.394524386797908
19.31447137675721
19.3407261874784
19.417069644374045
19.553169646944994
19.556272580056067
19.586090466226413
19.584954649694584
19.537421903933232
19.509172196327626
19.67135191802779
19.622406338859513
19.91099167869415
19.950527592492357
20.363730777207298
20.536197032500752
20.47344438779458
20.66708834424519
20.574581141818456
20.49548760629342
20.437994638423156
20.506104529743077
20.551104207719437
20.542351214698325
20.601287494276292
20.637011374147974
20.85938922340543
20.835102566170608
20.709278364619696
20.82026286921649
20.694339273425598
20.79374276626847
20.681724125627618
20.675011782275153
20.414122222988336
20.5347101590145
20.260474790141362
20.19846953674014
20.232502029562962
20.280963885455655
20.22023108124381
20.085216198846936
20.03007794076441
19.999287380331424
19.87747276373664
20.145190308981334
20.178694865527536
20.20340835081791
20.029580755054322
20.033698371082608
20.064700072288154
20.291314200831362
20.41103907925526
20.533468084169023
20.536917950455805
20.60826108832245
20.802154214030196
20.762921903183592
20.762921839386124
20.78549179210869
20.868080528193786
21.068143366694933
20.873084298916456
20.891280813655992
20.9755928009212
20.968437666070525
20.916773457643124
21.011365863155515
20.97277290614095
20.92082485369508
20.972285905838557
20.971013702547168
20.88527435994094
20.911988756577962
21.102625247700356
21.132416499583606
21.223334138390697
21.16694009051486
21.06179917463934
21.084048417293783
21.14881897532483
21.190259053336412
21.08709456305858
21.149579892895822
21.148266131571464
21.130132107808446
21.118096681737338
20.9227994502566
20.949947019016236
21.02154483294894
21.166222711276365
21.19295366047391
21.15437269152611
21.20663352403136
21.028075951304636
20.813099072178282
20.699674188610196
20.78653030678495
20.94212373630812
21.014626539213964
21.05307068116639
21.047969996011023
21.04866784922958
21.001449738423883
20.865102352834835
20.9203694556061
20.90392017322703
20.930668246865334
20.990628156949896
21.107740469707053
21.069364883947266
21.09807334382509
20.96812862546287
21.045671619730598
20.873840102316976
20.74568219945141
20.821783226763888
20.66228243208736
20.885812617901443
20.871357747536468
20.80216679799867
20.79881407020473
20.857378906898077
20.868327008772376
20.904395541726394
20.832878964182072
20.806554741256488
20.808898875304752
20.876177015702314
20.92991520120212
20.725365600479638
20.604891428657492
20.55816880252359
20.441544706562954
20.51684076584131
20.574229306406675
20.597247572721642
20.66743801539233
20.67991692269043
20.91200634002353
20.775272923464048
20.778853587626426
20.812682611866112
20.845739915753057
20.808290863076913
20.755338977060966
20.697954335544097
20.55127984754172
20.507982873455045
20.660519432535498
20.581462516148697
20.51954145178316
20.42965565447026
20.639097912861295
20.757436128719643
20.64572497429002
20.774622106457485
20.783402081376828
20.934763197821603
20.992908212282174
20.85291843102745
20.71357632767285
20.629027236448565
20.601200934944902
20.710941901571406
20.57109872339571
20.515421534745137
20.59550256009652
20.69000366340269
20.671376859353714
20.531995537853817
20.75372790777502
20.702114905250724
20.712424046520034
20.81110533511282
20.77274423022261
20.791736323308264
20.774602681537445
20.797335818069175
20.720337276631476
20.711629008321825
20.834875886191973
20.836899434866734
20.628898649188034
20.619033304504875
20.688713085835758
20.806063026830614
20.88364139000218
20.955666377539877
20.973475416587743
21.144662594202813
21.126670938208296
21.058444095224026
21.150519966797095
21.169860994680178
21.271671905922723
21.276271552492368
21.252376040378255
21.18685257409615
21.298902598084577
21.3974831997409
21.28572766094164
21.30547518448536
21.255949720155375
21.370230281564133
21.36675954177343
21.368532227041932
21.440080249695185
21.441273454260017
21.442368157748827
21.37485285221878
21.4597408238178
21.48670418351855
21.40039585991476
21.457062365888294
21.456578673384765
21.428611493084837
21.491762616874702
21.490881286338883
21.428145998523156
21.306083485099453
21.18915827331291
21.159116421925667
21.04515997658822
21.01653093633475
21.0665497209605
21.26004044460818
21.28487309541294
21.237813103263807
21.30086385788267
21.107298322277984
21.08660509347039
21.020509435251864
20.966620788670898
20.96718037345581
20.91664599739993
20.87993759768293
20.861563814502205
20.649821316349954
20.653379011629365
20.69239942137916
20.6142264300324
20.79314938948393
20.644933575751438
20.634756086756614
20.73499113613008
20.658059974832142
20.50103712706873
20.469864182586342
20.379177090691158
20.06867531199727
20.217891594389275
20.27445439178825
20.03923660523068
20.100953064271764
19.913824848660614
19.76739246297348
19.91621308626069
19.794581014586722
19.42890926378107
19.20863550677275
19.23607356738614
18.934120147932934
19.131426219535655
19.11142180986508
19.01672071092248
18.54229982165328
18.063623710958502
18.964726805860458
18.13082797471956
18.280624124214764
18.174485131799557
18.96728044740646
18.91664628247136
18.828149750817637
18.794233127931328
18.537636189552146
18.608197568877525
18.76874442979069
18.46149293624033
18.576534727767754
18.875589517207604
18.66391364639185
19.01683202947574
19.29475061754875
18.91117471017737
18.76711965256076
18.981796927812706
18.904084976815707
19.260815819239884
19.744132356719668
19.830791044335474
19.88794048327047
20.026209250896205
20.10047234717008
20.153460302420996
20.18021849019216
20.37457041609619
20.252831536905948
20.26109178739464
20.49405858336514
20.568244068133712
20.604441916105916
20.700683222250273
20.79125385680641
20.82157406732118
20.881079477093678
20.905463921098505
20.754034781711127
20.882041415176634
20.994819302109043
20.8729053239731
21.034953342864522
21.04032531319085
20.941718100269966
20.941445057977564
21.052236593329262
21.053356852281542
21.082446162522036
21.30140494220239
21.150984196027625
21.26572691116676
21.357079530882583
21.370409806071304
21.24559329197158
21.343722796304736
21.259423926504283
21.112922072585427
21.193049006682013
21.078525278276615
21.264711170547436
21.34410167609306
21.45569234304707
21.45927395075435
21.4908554825145
21.519393996701826
21.588607275449828
21.574747741371258
21.57600749228738
21.647472588173976
21.675405792490395
21.580412665105044
21.56059652446956
21.58589263134042
21.486823925036294
21.594180608335652
21.70712945021397
21.751574641372493
21.80011295275615
21.79811266330656
21.839046164567836
21.73931329789734
21.718472551982494
21.760524650415366
21.701386845453744
21.70115929167786
21.700059874991595
21.551756815974457
21.499705688616878
21.571814355621676
21.571208483200927
21.507185082228453
21.46279948745702
21.334046719956234
21.267470777030503
21.28605760438883
21.289987491806258
21.31090207925834
21.2878182338446
21.244338032349518
21.236050417854276
21.291210905277868
21.351326778966953
21.342456351340687
21.315723649938516
21.42763187864722
21.450975250093343
21.44781946588884
21.506551644576543
21.642008390865367
21.667879874065587
21.65312064356226
21.66490971426103
21.62277984188811
21.686201751913927
21.674516759533205
21.64916855044865
21.609914696421228
21.702947314465185
21.706123307721676
21.745310121251116
21.63573265883438
21.59624430111259
21.535069972993764
21.59268703626795
21.69286907283937
21.69288150841409
21.69131871966958
21.62154531399296
21.53571514849387
21.536006869724392
21.46389952220656
21.39460235926631
21.350454749414943
21.42982558817943
21.37008141497783
21.350612693088284
21.29541648820797
21.26271985082415
21.23608677326491
21.08372392763509
21.173660066335874
21.152137612564854
21.22506407838258
21.186061680856
21.104707307470047
21.04183593523303
21.1894383984599
21.05693834518001
21.182437466096523
21.234215527094456
21.284890538577073
21.37968564450847
21.489444558561082
21.57572512163295
21.61930038485262
21.67918858789418
21.622464070381575
21.556340199628927
21.658710137950674
21.71979097558096
21.75104941343089
21.677799463709167
21.820309424246197
21.879490788718016
21.88014907965873
21.823451047006778
21.83293551926823
21.860619191962932
21.879455474666717
21.829179824111126
21.78159494460053
21.806191538721787
21.767775775928822
21.829181282488438
21.86687313341078
21.917638666249985
21.89209663108906
21.941192902253796
21.898367563846566
21.82576065921085
21.778597006017257
21.81911965792076
21.799959180142487
21.830085965002226
21.80024372475252
21.85752644888001
21.875585987603788
21.845764299854412
21.858682190823984
21.887225544762238
21.86045215390537
21.86606342010489
21.868355304891136
21.869751203667303
21.772480961504396
21.772111793785832
21.83368934606015
21.79560952469708
21.69038740480897
21.71944623467916
21.80395107232003
21.87859993045511
21.880860380783187
21.75917111693926
21.756401542901013
21.821557309682863
21.798392417157167
21.766623122501798
21.825618160718957
21.873805545033946
21.763644312636607
21.712016873896136
21.724571650692916
21.682487179565157
21.68437863200255
21.70340484933598
21.549433912170308
21.546526797824153
21.58829883744319
21.572678356582724
21.523384313594647
21.578090723127726
21.662381410189596
21.661670569281775
21.71668904096613
21.81266640191825
21.83438893816799
21.73665745955618
21.62482313443976
21.646535730916415
21.678674832362216
21.716992488952478
21.592967624800583
21.5687823426834
21.516808863840993
21.52773384155743
21.50930294141692
21.443238900852347
21.360081197390578
21.436769561320354
21.49935230834587
21.61578293114193
21.61196162815079
21.494606919459457
21.437968842806335
21.401694031423087
21.373842367905343
21.35874130539981
21.335347481256576
21.48010004433426
21.470929657034933
21.385920651179944
21.190485923793194
21.086777597427183
21.009378118084275
20.974187306539005
20.8564811948693
21.04884450829278
21.113247426405923
21.079760867480093
21.079172667482617
21.04772291441978
20.885949286546428
20.913200559322195
20.82973493596292
20.833607852605237
20.67653158752447
20.7470198459497
20.733915482607095
20.623005768788367
20.56642085201158
20.503918674245416
20.708195706015974
20.766766418931976
20.68640144733518
20.79443060791067
20.853312838457196
20.80773796983643
20.78227852732536
20.773102543700137
20.773325616139175
20.75685070427585
20.681818781357595
20.63370423041087
20.63219861538516
20.742042048291836
20.580351255806278
20.674690363091486
20.771438730888924
20.830683192373073
20.687929159319953
20.67589329031272
20.52460931604594
20.479643434245162
20.433376903290906
20.53405512600782
20.654567726163304
20.59075521768371
20.699114151145178
20.56368974053992
20.55837500918823
20.653468209766988
20.61605778942904
20.659837197663784
20.752276126572127
20.936211626008806
20.86628679011155
20.837950325701705
20.71297854275108
20.879109788676573
20.83956566489714
20.88715545114114
20.81847368903625
20.780870611660344
20.78058180117677
20.831125102334767
20.788529586915296
20.773005715600153
20.693408573632663
20.7138620412246
20.850083014563168
20.94939175453035
20.97693591750957
20.81778860788771
20.91148949098748
20.857882055274075
20.791074166985915
20.82686895519797
20.81729048845715
20.709364123892883
20.705754359814474
20.711103837653187
20.637967113553348
20.65104608933885
20.803578946593618
20.973949230380324
21.010672602152656
21.173071304765173
21.138470639267876
21.036605794562732
21.011509346192533
20.972028486412633
21.19089229960999
21.245275664026074
21.29080374862462
21.2316163943122
21.217403992560346
21.186211388420816
21.246580128451228
21.15603986250104
21.01498889160647
21.054403297517435
21.004949254724277
20.901286296292437
20.853450074692248
20.776255202245984
20.68373858941865
20.728118159824923
20.679123999033884
20.694211214327154
20.640006260230383
20.63486057359626
20.448732750751955
20.40218751112433
20.415233798559917
20.374113392464057
20.358922208168064
20.270273971433404
20.398569022538876
20.470093741983025
20.465463408108022
20.424686163334698
20.443038949837064
20.52575324607247
20.54005083175374
20.631743143174585
20.58567696915483
20.627434241442142
20.51997892344772
20.37919577971445
20.681546052499186
20.75817977703871
20.697028046432802
20.641950873933542
20.813577236019757
20.904022985231318
20.81261483284738
20.921593395168856
20.94293599012272
20.93927952082054
20.939209356731567
20.891670770759035
20.86272326686874
20.867651377161142
20.984937220145948
21.037904645369142
21.001999198074554
21.06582777580169
21.0509307183935
20.992728270174283
21.04429333337993
21.046349096594792
21.164961582169056
21.121229605116756
21.164353166671884
21.187754463651117
21.228298774474393
21.24652250911943
21.228057923986512
21.302945746397885
21.33539388949742
21.320604695150116
21.40007687682571
21.417490292328214
21.369048152273987
21.361462444554675
21.356284120753962
21.351918574859436
21.40904696885627
21.439144900567022
21.44106931404503
21.438854490748344
21.325871476976065
21.2888214293887
21.241900817432114
21.24250989511021
21.27475129838288
21.310128220296757
21.3340065154272
21.371870058651844
21.373320470804085
21.326044358809433
21.239655497776702
21.224418050089383
21.161056296110704
21.12165154255034
21.117415909700696
21.13921332957148
21.231872527448648
21.259066884927336
21.018519926484693
21.05591092714584
20.951410145943935
21.03499692472434
21.144097549530798
21.129049633123923
21.15916579802356
21.028404933952526
21.054834578006897
21.057644881284
21.058979203178637
21.118715493008143
21.130588320217772
21.1803850781423
21.1173102859446
21.09559804959028
20.991412939882697
21.04406026934101
21.14348533683405
21.244555172552843
21.126668177883587
21.00906951254529
21.116383841880037
21.15416150671642
20.9826704936798
21.018658426956794
21.071196778151037
20.94426393147347
21.079197011442638
21.06096947572784
21.079216905527836
21.064892256133618
21.01863822931044
21.05543809151421
21.183497582325973
21.125957603855515
20.986116641134046
20.97630342332332
20.874477983170998
20.845311684001956
20.682081088472746
20.794654393061283
20.871964195254368
20.828192343208688
20.72476605288731
20.815748153849352
20.90573060993691
20.878962422511794
20.830461259525038
20.831872991686375
20.724094160300684
20.77763261692551
20.87323767520323
20.7270847121591
20.887571648948366
20.87576089449723
20.796316150267305
20.75059008618705
20.73067366814231
20.7549304404682
20.66853930787074
20.596319841568295
20.70992465433604
20.768467679407348
20.765961684146333
20.6183775870583
20.33386630885142
20.338107027260598
20.340741791876464
20.48772695175814
20.70637963293243
20.6509846921301
20.69514641666018
20.691782348534883
20.64749410655476
20.695181202201777
20.75088184839924
20.806630612626225
20.873158589019006
20.81328438304013
20.867974040916504
20.80971444713122
20.878211437417544
20.94990128273592
20.961267276227773
21.132201085822278
21.134253349033656
21.053127157768813
21.188651410689957
21.234735799034897
21.18506079932383
21.040134685598833
20.939668301878974
21.07332254882308
21.091143598226495
21.03504702112651
21.08658816223394
21.155127107847193
20.945149142612788
21.029629469288075
20.904521791121027
20.944217186328046
20.860874709860475
20.81678388936846
20.9778377265562
20.925193424990006
20.78093247927457
20.875496344029628
20.90222067346156
20.90659996185276
20.938783787094142
20.915185393480453
20.915976981981117
20.899745157337023
20.94104973207347
20.88808979244907
20.726312910450723
20.793843699982713
20.68575891971985
20.56222037409423
20.490144647476704
20.751236232575046
20.632670683255682
20.427485543669896
20.425828779147675
20.468455047950926
20.406008927060732
20.26922886596178
20.28193795775035
20.23395740354786
20.345012527722382
20.428812042334066
20.39044672676933
20.192847645562654
20.168892080927353
20.148166178667825
20.202913224522725
20.138983411621915
20.150254572683778
20.130165478248653
20.231906482488675
20.15222842189363
19.97658462550894
20.005886080820762
19.826759101232213
19.428976964885393
19.457972051108822
19.473481479061462
19.237022672640315
18.64990641403685
18.821046730848792
19.625547978178695
19.991132420857863
20.099821208090994
20.217980545770704
20.099553842999146
20.039809287297317
20.187175666867425
20.17308850824152
20.250645288887974
20.149975791488785
20.246848862019085
20.142418400127802
20.346091844661707
20.37165193933153
20.1961986891561
20.269661338762106
20.286259720545402
20.2926959615854
20.252265610979556
20.322179845345172
20.280504404756527
20.265823879154237
20.08337674681946
20.216017615251488
20.386037855588953
20.38601184164377
20.323014573492017
20.488524444427778
20.382217680826695
20.319334827026246
20.452242941263957
20.37228408801576
20.356979875165262
20.137355985849354
19.943771054677644
20.005374748026043
20.12014068008816
20.063198142789275
20.09808965774939
20.054872316217093
19.944584343817546
20.159726458407267
20.05883262970168
19.839222496125796
19.883143013665148
19.9067322817725
20.198871413974672
20.193247875975015
20.149109234173704
20.090529159727506
20.21477740745162
20.148551355237252
19.909919006775308
20.064115462745463
19.87731571475731
20.253158655081204
20.388281814371496
20.172787376206653
20.176719167196367
20.286754649641587
20.257513555355253
20.252377828496787
20.303341518263764
20.415921287088377
20.446559079383533
20.498411186967395
20.452415906426427
20.377489084551033
20.426715376223353
20.57190473354614
20.497590207841355
20.66925717344455
20.403659407106524
20.439389749084174
20.256483350961314
20.393002873406115
20.39369354765264
20.68056451896436
20.697051658200717
20.7376214090927
20.709524231074035
20.709189288917656
20.539315189569773
20.335275257072407
20.224784084213727
20.275453202243213
20.173376172763675
20.047013374257855
19.535961688007283
19.596036119017725
19.43718322482449
19.712486616368988
19.726964004486252
19.765579302083204
19.455681383998396
19.149634253499187
19.465736946418193
19.506631668734432
19.845109669350055
19.80252121112769
19.7017306685726
19.471442887785454
19.131060013705202
19.287639765006237
19.53786519225049
19.948913306900515
19.886009626071342
19.795534476791936
19.811739755891967
19.738715753597113
19.79367561677378
19.882970215752476
19.87623248897523
19.86959438681725
19.935388546386697
19.463727818486483
19.826913367566696
19.679515425951024
19.838838069287032
19.895015665377326
19.869141812290884
20.006954976997545
19.987589011654673
19.789676777662898
19.528787723051508
19.42287807784433
19.530595461071798
19.570941414045542
19.795406145569142
19.877727657007537
19.913670240028015
19.84015492001595
19.931414890453347
19.942965273212465
20.01683125670419
19.880871442808857
19.709645926539583
19.48086001738384
19.529974475299824
19.521589111081976
19.562596815991693
19.184693357523756
19.650327167838487
19.486687242425525
19.428535163605446
19.08132967262956
18.858953268025907
19.184258958140656
19.042652463650445
19.48660370411702
19.501643548033613
19.326856710100834
19.444088905222454
18.756593591059538
19.2737996175476
18.759767850592986
18.92134191529047
18.794518747226864
19.012146414126985
19.302096138674273
19.275572591542034
19.50250506327431
19.6324041136967
19.403828932331884
19.371422845884716
19.530098317834376
19.800340709324487
19.82336856162883
19.60303251192877
19.66715098125889
19.24315517285945
19.28009780617626
19.13412103666129
19.20985660209271
19.371644878300252
19.278175236021642
19.428255665793454
18.90837642824585
18.931813592522925
18.7923015918717
18.76898895681709
18.749980273931865
19.199059662750003
19.18290682810261
19.357781416668956
19.12603064675299
19.406363335478282
19.68466738859079
19.549102791203175
19.432406941962086
19.267631621626172
19.227292434049964
19.08221683584797
19.097765951258463
19.220163982750996
18.852852918955787
18.418657463843736
18.641088082663934
18.269350234514583
18.89500086065334
18.738167671185586
18.61628306294927
18.871026333623593
19.25876243135603
19.333931451967654
19.135276472014155
18.672603419230754
18.73599322009931
18.71715906543519
18.87309449923339
18.81788583482938
18.92359082977876
19.124759443961214
18.9621170547915
18.818843339586792
18.777204061875107
18.814247511481984
19.296464957063918
19.30445937189901
19.588371527095184
19.452528844142535
19.387158688909942
19.147734348467747
18.820170264091058
19.432084499832307
19.50492133504089
19.79993500968519
19.286137069894483
19.3870930508436
19.082263397737137
18.792953765811642
18.937964625642607
18.797328933729982
19.403871993008142
19.512131104504927
19.43745204427673
19.134319803189864
19.04724892115391
19.37732374342636
19.39197642135768
19.328120570652082
19.2754279854914
19.29973590658009
18.868308044807456
19.419863158498096
19.32285648012028
19.44009013699438
19.49008472812252
19.2382427175716
19.798027190961665
20.01516595645152
20.180109144501262
19.909012205089425
19.680826610528197
19.60851658205937
18.972943166216638
19.068457618503267
19.069059457768894
19.241401527428497
19.545117147322827
19.594171590388974
19.849274026506677
19.623917244146668
19.569078331589882
19.602557269086937
19.43454005701867
19.041668320733287
18.79182383973991
19.151241679599565
19.51336107921589
19.540061375368875
19.34161948090483
19.316820372320873
19.33689335978133
19.281441803433307
19.146492952880685
19.29680469217963
19.50875945034274
19.450914558393567
19.232766893614905
18.426422272430298
17.987389262631275
17.582609101469796
18.186418245729786
17.950290160770695
18.02990862288712
17.625052928038134
18.06454471442141
17.865963890827242
18.588356141623905
19.003463931602585
18.768410465118798
19.17265814531976
19.33074662723488
19.400926605471543
19.256839151475507
19.00320133020307
19.300070723638168
19.442325909187016
19.303277033422066
19.149845847999757
19.216343496458876
18.72195708064921
18.217995701601236
18.521848977606865
19.149734532819835
19.36338834469551
19.5834022036015
19.278535840341064
19.654647898589225
19.743410549198135
19.84088539228185
19.90681558967147
19.759934600112498
19.999809470079835
20.016449610940377
19.89718278778144
20.04056513000065
19.73632069487503
19.60424021840599
19.35395585128541
19.21070946843483
19.50390368874879
19.396568835778325
19.326008585569426
19.280177706953946
18.9907855475883
19.166277044368034
19.528000340919448
19.484288763600563
19.83788350008572
20.009097718856406
19.858863625670246
19.997113392052416
20.25935248766171
20.195083464971148
20.26817826869869
20.155376048147684
20.12640627035831
20.037101374908335
20.244022712049894
20.288632974754044
20.107672251545164
20.05389422914183
20.065037546048924
20.027878213424604
19.691691970196512
19.612198081956375
19.104528465596218
19.063715246113016
19.001718477810186
19.187989457613767
19.04090894992035
19.479746018384407
19.451861060166742
19.572547546169332
19.632518241115594
19.816933175702683
19.833004114656717
19.92964463160795
19.74506458475833
19.379326027228817
19.141374053655213
19.124598072730187
19.489384788132064
19.45785430295136
19.24515849834934
19.186740201743806
19.394467773573776
19.151397274449927
19.338413037308072
19.391799724525196
19.575826253176768
19.64713576095778
19.742816601738685
19.405624351810918
19.655366839477363
19.783296095200058
19.77519067764234
19.811130221068137
19.903953825706314
19.657026401945092
19.72393496559901
19.57403878085857
19.649940983818166
19.71698206107627
19.87644492781372
19.939294360149297
19.80557111095498
19.7224576031768
19.96107885553451
20.25343519005331
20.435183549932542
20.200020209935968
20.074616329356505
20.290863484461557
20.382067145687888
20.30801007915312
20.156033569543535
20.270747734011273
20.189167076320988
19.916519058554837
19.89617384206299
19.806941869298132
19.540845940885095
19.4942523548907
18.804816950408245
19.04722325934764
18.691738058674673
18.784626494434487
18.874444444442
18.760244304649593
18.88075287062466
19.419254972583307
19.49091744185566
19.559580156049986
19.611443413565254
19.23367196594649
19.179368417126664
19.432093465736997
19.11204641789517
18.9041356448432
18.59457572298903
18.172831508567068
18.061240196685468
18.18750467533705
18.64992257748315
18.083607774729554
18.10958071488485
18.510530597513235
18.943659616161142
18.82349555610027
18.46524959639682
18.733033329656816
19.069418619695394
19.168154567394122
18.7337175966563
18.830935678093667
18.386681702211256
17.6394077040494
17.332152581696548
17.360574977137357
17.252262155391268
16.551706874549634
15.912371624732698
16.012049700350474
15.239775373819032
15.372058434253704
14.935802750526179
14.90170411601511
15.533641368892857
16.02403545451716
16.05386335801841
15.841650175681288
15.571884337338025
15.90752927325271
15.765979897873311
15.468217499885334
15.77544670980213
15.839833544791677
15.564620907309903
16.08080323053477
15.321376236773562
15.155200428565797
15.340117040881555
15.913562030534681
15.769488584008073
15.594018700427046
14.203672207463269
14.477947249219024
14.091079629136958
13.441275250319276
12.532540943214297
11.197476069627061
10.409154619179814
10.971428157829626
11.202754205291658
10.429205874584344
11.107498676482933
9.201275830368616
8.847733755720629
11.028039298798474
10.477604551245452
11.82605775847074
10.215257561599259
11.147981448941076
11.894809616444986
12.274864316862839
11.933781752882878
12.270628582995982
11.926125040047863
10.652285612689704
10.32925828041787
10.829608157497264
10.516714629748778
9.639950010669828
10.472912769939995
9.880443483554835
8.87598217138985
9.760510305883354
10.490354928827982
11.077593166252662
11.001069232300656
11.24474115798975
10.632959735283018
11.27446226636226
10.602647567676817
10.459760960886603
9.693520389227238
11.213274923304953
12.562190079858645
12.228001610765418
11.174285484540984
11.695011494098882
9.949497264857179
9.91686594649967
10.132046328333546
10.863777206114456
10.846829169529133
11.4213346