0.17 0.999951219801767 0.9999820542269703
0.171 0.9999494645661696 0.9999814083708518
0.172 0.9999476546533721 0.9999807425309499
0.173 0.999945788679958 0.9999800560232195
0.174 0.9999438651711252 0.9999793483492239
0.175 0.9999418825983599 0.9999786189480278
0.176 0.9999398394054496 0.9999778672648905
0.177 0.999937733962621 0.9999770926341219
0.178 0.9999355646676427 0.9999762945423984
0.179 0.9999333298296422 0.9999754723310229
0.18 0.9999310277384353 0.9999746253709341
0.181 0.9999286566426201 0.9999737530188346
0.182 0.9999262146876707 0.9999728546666301
0.183 0.9999237001921867 0.9999719293758149
0.184 0.9999211112008102 0.9999709768934232
0.185 0.9999184457895077 0.999969996272109
0.186 0.999915701814815 0.9999689868107803
0.187 0.9999128776940339 0.9999679477554644
0.188 0.9999099711732417 0.9999668783662508
0.189 0.9999069801586739 0.9999657778782558
0.19 0.9999039025090042 0.999964645504832
0.191 0.999900736036308 0.9999634804424503
0.192 0.9998974785046195 0.9999622818693715
0.193 0.9998941276288849 0.999961048945417
0.194 0.9998906803634192 0.9999597808487926
0.195 0.9998871357886356 0.9999584766233676
0.196 0.9998834906493284 0.9999571354178726
0.197 0.9998797424709341 0.9999557563123885
0.198 0.9998758887209309 0.9999543383689289
0.199 0.9998719268081887 0.9999528806292775
0.2 0.9998678515470971 0.9999513824463764
0.201 0.9998636661012851 0.9999498420578926
0.202 0.9998593631590995 0.9999482589525126
0.203 0.9998549436160451 0.9999466313767705
0.204 0.9998503999401708 0.9999449599393149
0.205 0.9998457317864592 0.9999432421336315
0.206 0.9998409364335603 0.9999414771001803
0.207 0.9998360061631131 0.9999396636958467
0.208 0.9998309439109123 0.9999378010956231
0.209 0.9998257443091265 0.9999358879636602
0.21 0.9998204050889138 0.9999339229623048
0.211 0.9998149205751201 0.9999319051729273
0.212 0.9998092891673 0.999929832650933
0.213 0.9998035052752895 0.999927704711786
0.214 0.9997975675922223 0.9999255200546008
0.215 0.9997914717697851 0.9999232761917943
0.216 0.9997852137326548 0.9999209734638704
0.217 0.9997787898489983 0.9999186097091158
0.218 0.9997721962574873 0.9999161834888781
0.219 0.9997654288669562 0.9999136932078502
0.22 0.9997584837833076 0.9999111377484236
0.221 0.999751356458233 0.9999085146903911
0.222 0.999744043096989 0.9999058234078039
0.223 0.999736538999323 0.9999030611577051
0.224 0.9997288404063358 0.9999002283606182
0.225 0.9997209423480904 0.999897322603296
0.226 0.9997128402038841 0.9998943407588794
0.227 0.9997045293248918 0.9998912821471789
0.228 0.9996960049205944 0.9998881449709373
0.229 0.9996872621015686 0.9998849274031898
0.23 0.999678294283246 0.9998816298018239
0.231 0.9996691005009427 0.9998782443625274
0.232 0.9996596712861724 0.999874774879806
0.233 0.9996500041533678 0.9998712163274196
0.234 0.9996400934280285 0.9998675675515397
0.235 0.9996299315751577 0.9998638274702026
0.236 0.9996195141008504 0.9998599932559251
0.237 0.9996088367172715 0.9998560629349886
0.238 0.9995978871913977 0.9998520333863753
0.239 0.9995866676305554 0.999847903503558
0.24 0.9995751689070906 0.9998436708223095
0.241 0.9995633847439944 0.9998393331107347
0.242 0.9995513087895109 0.9998348898913864
0.243 0.9995389355402363 0.999830333817679
0.244 0.999526254759877 0.9998256664711802
0.245 0.9995132622980384 0.9998208839962212
0.246 0.9994999516401599 0.9998159841335422
0.247 0.9994863146941584 0.9998109641386292
0.248 0.9994723446118884 0.9998058214310059
0.249 0.9994580340546778 0.9998005532969138
0.25 0.9994433755262329 0.9997951569969259
0.251 0.9994283613757055 0.9997896296654427
0.252 0.9994129837993002 0.9997839684411196
0.253 0.9993972349129073 0.9997781703304905
0.254 0.9993811065007141 0.999772232404325
0.255 0.9993645903091978 0.9997661515971996
0.256 0.9993476778251267 0.9997599248851138
0.257 0.999330360425338 0.9997535489371696
0.258 0.9993126291289468 0.9997470205238971
0.259 0.9992944751700213 0.9997403361067945
0.26 0.9992758904661048 0.9997334925554316
0.261 0.9992568646642558 0.9997264866808832
0.262 0.9992373880101333 0.9997193147412246
0.263 0.9992174509756238 0.999711973121071
0.264 0.9991970437123167 0.9997044581579642
0.265 0.9991761561445066 0.9996967661229712
0.266 0.9991547779832571 0.9996888932116977
0.267 0.9991328987302729 0.9996808355428922
0.268 0.9991105076766826 0.9996725891572588
0.269 0.9990875939001345 0.9996641500161279
0.27 0.9990641462612376 0.9996555140000677
0.271 0.9990401533997013 0.9996466769073524
0.272 0.9990156037302963 0.9996376344525035
0.273 0.9989904854386851 0.99962838226467
0.274 0.9989647864771367 0.999618915886
0.275 0.9989384945601695 0.9996092307699956
0.276 0.9989115971601139 0.9995993222798827
0.277 0.998884081502556 0.9995891856868079
0.278 0.9988559345617211 0.9995788161681574
0.279 0.9988271430557614 0.9995682088056803
0.28 0.9987976934419789 0.9995573585837588
0.281 0.9987675719119254 0.9995462603875248
0.282 0.9987367643864412 0.9995349090009112
0.283 0.9987052565106216 0.999523299104853
0.284 0.9986730336486064 0.9995114252751903
0.285 0.9986400808783726 0.9994992819806634
0.286 0.9986063829864178 0.9994868635809884
0.287 0.99857192446229 0.9994741643247389
0.288 0.9985366894930862 0.9994611783472047
0.289 0.9985006619577793 0.9994478996681505
0.29 0.9984638254215324 0.9994343221898431
0.291 0.9984261631298613 0.9994204396946165
0.292 0.9983876580026259 0.9994062458425629
0.293 0.9983482926281342 0.9993917341694675
0.294 0.9983080492568744 0.9993768980843056
0.295 0.9982669097951693 0.9993617308664002
0.296 0.9982248557991148 0.9993462256639243
0.297 0.9981818684677197 0.9993303754903359
0.298 0.9981379286366271 0.9993141732227789
0.299 0.9980930167711449 0.9992976115986543
0.3 0.998047112959651 0.9992806832136157
0.301 0.9980001934331779 0.9992633806368092
0.302 0.9979522442776119 0.9992456959381435
0.303 0.9979032416616324 0.9992276213780228
0.304 0.9978531631859212 0.9992091489694093
0.305 0.9978019873070789 0.9991902705514768
0.306 0.9977496917001606 0.9991709778088362
0.307 0.997696253624396 0.999151262432738
0.308 0.9976416498974984 0.9991311158552832
0.309 0.9975858568668985 0.9991105290084398
0.31 0.9975288502739129 0.9990894908852515
0.311 0.9974706059250263 0.9990679965163523
0.312 0.9974110986229737 0.9990460344146282
0.313 0.9973503028014935 0.9990235942686005
0.314 0.9972881925839732 0.9990006674951798
0.315 0.9972247414658303 0.9989772438928026
0.316 0.9971599224687654 0.9989533133813551
0.317 0.9970937081008153 0.9989288656852983
0.318 0.9970260703474049 0.9989038903299714
0.319 0.9969569806618755 0.9988783766378201
0.32 0.9968864099558378 0.9988523137245605
0.321 0.9968143285893672 0.9988256904952697
0.322 0.9967407063610475 0.9987984956403927
0.323 0.9966655124978244 0.9987707176317074
0.324 0.9965887156447198 0.9987423447181732
0.325 0.9965102838543246 0.9987133649217079
0.326 0.9964301845761707 0.9986837660329372
0.327 0.9963483846458936 0.9986535356067923
0.328 0.9962648502742077 0.9986226609580714
0.329 0.9961795470357355 0.998591129156895
0.33 0.9960924398576251 0.9985589270241124
0.331 0.996003493007982 0.9985260411265897
0.332 0.995912670084117 0.9984924577723633
0.333 0.9958199340005959 0.9984581630059234
0.334 0.9957252469770885 0.9984231426028475
0.335 0.995628570526079 0.9983873820653784
0.336 0.9955298654402666 0.9983508666166264
0.337 0.9954290917798889 0.9983135811957151
0.338 0.9953262088597558 0.9982755104523723
0.339 0.9952211752360268 0.9982366387411611
0.34 0.995113945059833 0.9981969504829357
0.341 0.9950044825062663 0.9981564284275642
0.342 0.9948927404600385 0.9981150574074237
0.343 0.9947786738336174 0.9980728193838483
0.344 0.9946622373309112 0.9980296975845339
0.345 0.9945433845407731 0.9979856744900855
0.346 0.9944220679909598 0.9979407322198665
0.347 0.9942982392110844 0.9978948522528428
0.348 0.9941718497576661 0.9978480152895263
0.349 0.9940428547469943 0.9978002031956693
0.35 0.9939111996150839 0.997751398000422
0.351 0.9937768310844447 0.9977015792503121
0.352 0.9936396971182898 0.9976507266314742
0.353 0.9934997444636414 0.9975988197066981
0.354 0.993356919065717 0.9975458381551645
0.355 0.9932111644739892 0.9974917595892688
0.356 0.9930624248251171 0.9974365632011599
0.357 0.9929106425990719 0.9973802271404925
0.358 0.9927557590130833 0.9973227287709795
0.359 0.9925977143568497 0.9972640452367483
0.36 0.9924364478313752 0.9972041532455895
0.361 0.992271897532103 0.9971430290610525
0.362 0.9921040004304573 0.9970806484943232
0.363 0.9919326923555882 0.997016986895813
0.364 0.9917579079753499 0.9969520191467189
0.365 0.9915795807771942 0.9968857196500546
0.366 0.9913976430486687 0.9968180623222542
0.367 0.9912120262761906 0.9967490218001474
0.368 0.9910226590314519 0.996678567349342
0.369 0.9908294711418566 0.9966066750207038
0.37 0.9906323894730972 0.9965333154738724
0.371 0.990431340013069 0.9964584600520358
0.372 0.9902262474260463 0.9963820795545246
0.373 0.9900170350324846 0.9963041442269339
0.374 0.9898036247880746 0.9962246237508084
0.375 0.9895859372607404 0.9961434872337783
0.376 0.9893638916097106 0.9960607031968367
0.377 0.989137405562432 0.9959762395673417
0.378 0.9889063953926799 0.9958900636644828
0.379 0.988670775896653 0.9958021421894662
0.38 0.988430460370686 0.9957124412143932
0.381 0.9881853605877715 0.995620926169893
0.382 0.9879353867735255 0.9955275618343007
0.383 0.9876804475831392 0.9954323123207626
0.384 0.9874204500765673 0.9953351410654847
0.385 0.9871552996944771 0.995236010815205
0.386 0.9868849002336116 0.9951348836146137
0.387 0.9866091538227493 0.995031720793316
0.388 0.9863279608960367 0.9949264829531429
0.389 0.9860412201695614 0.9948191299543135
0.39 0.9857488286153173 0.9947096209025295
0.391 0.9854506814344062 0.9945979141344051
0.392 0.9851466720339886 0.9944839672044764
0.393 0.9848366919979026 0.9943677368701076
0.394 0.9845206310624913 0.9942491790775603
0.395 0.9841983770903229 0.9941282489468233
0.396 0.9838698160427051 0.9940049007578412
0.397 0.9835348319538909 0.9938790879322144
0.398 0.9831933069015943 0.9937507630228994
0.399 0.9828451209862703 0.9936198776930346
0.4 0.9824901522942604 0.9934863827037257
0.401 0.98212827688142 0.993350227895745
0.402 0.9817593687363925 0.9932113621750058
0.403 0.9813832997588883 0.993069733493125
0.404 0.9809999397316924 0.9929252888325063
0.405 0.9806091562872195 0.9927779741888015
0.406 0.9802108148890607 0.9926277345519167
0.407 0.9798047582761392 0.9924745149178115
0.408 0.9793908896828493 0.9923182561601142
0.409 0.9789690451420168 0.9921589011903026
0.41 0.9785390822312454 0.9919963907788878
0.411 0.978100855126715 0.9918306646200641
0.412 0.9776542156645482 0.991661661289418
0.413 0.9771990133138873 0.9914893182279957
0.414 0.9767350951491633 0.9913135717187529
0.415 0.9762623058233545 0.991134356873087
0.416 0.9757804875400125 0.9909516076001165
0.417 0.9752894800266148 0.9907652565950447
0.418 0.9747891205079959 0.9905752353138095
0.419 0.9742792436791806 0.9903814739517899
0.42 0.9737596816795713 0.9901839014232555
0.421 0.9732302640664817 0.9899824453395103
0.422 0.9726908177892782 0.9897770319802102
0.423 0.9721411671646955 0.989567586284122
0.424 0.9715811338509762 0.9893540318126569
0.425 0.9710105368236777 0.9891362907330624
0.426 0.9704291923517067 0.988914283793545
0.427 0.9698369139728904 0.9886879302988699
0.428 0.9692335124713585 0.9884571480867566
0.429 0.9686187958551961 0.9882218535024263
0.43 0.9679925693332314 0.9879819613737855
0.431 0.9673546352954695 0.9877373849861595
0.432 0.9667047932895686 0.98748803605616
0.433 0.9660428400029994 0.9872338247057196
0.434 0.9653685692403039 0.9869746594347465
0.435 0.9646817719052787 0.9867104470945068
0.436 0.963982235974425 0.9864410928573868
0.437 0.9632697464736906 0.9861665001885437
0.438 0.9625440854298698 0.9858865708116222
0.439 0.961805031777269 0.9856012046749453
0.44 0.9610523610744394 0.9853102999319457
0.441 0.960285844658573 0.9850137531645577
0.442 0.9595052502496235 0.9847114614301571
0.443 0.9587103631943997 0.9844033193784526
0.444 0.9579009428190082 0.9840892079740118
0.445 0.95707673662966 0.9837690199110849
0.446 0.9562375062272552 0.9834426438338442
0.447 0.9553830082858175 0.983109964710762
0.448 0.9545129954284646 0.982770865367517
0.449 0.9536272169319824 0.9824252265917708
0.45 0.9527253940050776 0.9820729258801149
0.451 0.9518073183956159 0.981713842498722
0.452 0.9508727098189221 0.98134784950011
0.453 0.9499212996939478 0.9809748192183615
0.454 0.9489528242927391 0.9805946217694628
0.455 0.9479670146540887 0.9802071250328512
0.456 0.946963598849538 0.9798121946128763
0.457 0.9459423020022758 0.9794096938112739
0.458 0.9449028463075636 0.978999483591288
0.459 0.9438449510558895 0.9785814225418368
0.46 0.9427683326589957 0.9781553668538352
0.461 0.9416727046787265 0.9777211702777151
0.462 0.9405577778589663 0.9772786840944785
0.463 0.9394232601606751 0.9768277570811735
0.464 0.9382688568002754 0.9763682354792668
0.465 0.9370942702911992 0.9758999629596681
0.466 0.9358992004891465 0.9754227805894666
0.467 0.9346833446407171 0.9749365267973008
0.468 0.9334463974359826 0.9744410373438193
0.469 0.9321880510646227 0.973936145283719
0.47 0.93090799527628 0.9734216809343771
0.471 0.9296059174448031 0.9728974718389242
0.472 0.928281502636956 0.9723633427561592
0.473 0.9269344336847317 0.9718191155784381
0.474 0.9255643912632501 0.9712646093489582
0.475 0.9241710539722574 0.9706996402026843
0.476 0.9227540984228254 0.9701240213431163
0.477 0.9213131993286551 0.9695375630067
0.478 0.9198480296024555 0.9689400724302891
0.479 0.9183582604575046 0.9683313538248776
0.48 0.916843561514014 0.967711208338353
0.481 0.9153036009113638 0.9670794340334764
0.482 0.9137380454254511 0.9664358258474458
0.483 0.912146560591831 0.9657801755746467
0.484 0.9105288108339584 0.9651122718249929
0.485 0.9088844595984901 0.9644319000051603
0.486 0.9072131694951939 0.9637388422902505
0.487 0.9055146024439638 0.9630328775963096
0.488 0.9037884198270827 0.9623137815479352
0.489 0.9020342826486755 0.9615813264678152
0.49 0.9002518516998212 0.9608352813384878
0.491 0.8984407877304328 0.9600754117837751
0.492 0.8966007516287232 0.9593014800612838
0.493 0.8947314046046385 0.9585132450149627
0.494 0.8928324083833682 0.9577104620779625
0.495 0.8909034254033709 0.9568928832436134
0.496 0.8889441190225909 0.9560602570567288
0.497 0.8869541537308706 0.9552123285909412
0.498 0.8849331953698422 0.9543488394351985
0.499 0.8828809113600139 0.9534695276889423
0.5 0.8807969709349416 0.9525741279456035
0.501 0.878681045382121 0.9516623712861824
0.502 0.8765328082924105 0.9507339852794039
0.503 0.8743519358144674 0.9497886939574421
0.504 0.8721381069192987 0.948826217839965
0.505 0.86989100366941 0.9478462739119585
0.506 0.8676103114967534 0.9468485756399652
0.507 0.8652957194878801 0.9458328329706155
0.508 0.8629469206749701 0.9447987523375604
0.509 0.860563612336228 0.9437460366879241
0.51 0.8581454962993735 0.942674385450708
0.511 0.8556922792575152 0.9415834946043468
0.512 0.8532036730882906 0.9404730566807337
0.513 0.8506793951784749 0.9393427607584294
0.514 0.8481191687586127 0.9381922925097369
0.515 0.8455227232442225 0.9370213342526935
0.516 0.8428897945797376 0.935829564951528
0.517 0.8402201255890954 0.9346166602394184
0.518 0.8375134663366985 0.933382292509711
0.519 0.8347695744906959 0.9321261309190624
0.52 0.8319882156877233 0.9308478414378889
0.521 0.8291691639130374 0.9295470869320684
0.522 0.8263122018757085 0.9282235271915064
0.523 0.8234171213904126 0.9268768189857395
0.524 0.8204837237707587 0.9255066161794104
0.525 0.8175118202168214 0.9241125697502421
0.526 0.8145012322067606 0.9226943278835268
0.527 0.8114517919037251 0.921251536061886
0.528 0.8083633425484353 0.9197838371485819
0.529 0.8052357388653454 0.918290871493687
0.53 0.8020688474658897 0.9167722769857726
0.531 0.7988625472632428 0.915227689281798
0.532 0.7956167298420563 0.913656741579677
0.533 0.7923312999435805 0.9120590654319797
0.534 0.7890061757588527 0.9104342898665763
0.535 0.7856412894520527 0.9087820425565842
0.536 0.7822365874774909 0.9071019492360601
0.537 0.7787920310180112 0.9053936341189052
0.538 0.7753075963763792 0.9036567200249113
0.539 0.7717832753685507 0.9018908285364524
0.54 0.7682190757187451 0.90009558015772
0.541 0.7646150214380301 0.8982705944917295
0.542 0.760971153207421 0.8964154904245701
0.543 0.757287528758795 0.894529886376564
0.544 0.7535642232117207 0.8926134002872669
0.545 0.7498013294679633 0.8906656501001674
0.546 0.7459989585440782 0.8886862538738218
0.547 0.7421572399103963 0.8866748299645856
0.548 0.7382763217816244 0.8846309970364028
0.549 0.7343563715263898 0.8825543749484882
0.55 0.7304027104027376 0.8804449803944844
0.551 0.7264001258179165 0.8783012487748251
0.552 0.7223642816001346 0.8761239890459621
0.553 0.7182902695108346 0.8739124319898413
0.554 0.7141783586998806 0.8716662054006455
0.555 0.7100288369880348 0.8693849391378531
0.556 0.7058420131838437 0.8670682661682733
0.557 0.7016182171750833 0.864715822243782
0.558 0.69735780017892 0.8623272466698929
0.559 0.693061134923239 0.8599021827636741
0.56 0.6887286156464677 0.8574402774314479
0.561 0.6843606582642204 0.8549411818385337
0.562 0.6799577007614663 0.8524045533512298
0.563 0.6755202025774178 0.8498300522710028
0.564 0.6710486454922645 0.8472173466396895
0.565 0.6665435329606118 0.8445661090474499
0.566 0.6620053904280678 0.8418760186876831
0.567 0.657434765402514 0.8391467622133632
0.568 0.6528322270510142 0.8363780324835529
0.569 0.6481983665273864 0.8335695309132475
0.57 0.6435337965407496 0.8307209663946203
0.571 0.6388391512247539 0.8278320558217602
0.572 0.6341150863271939 0.8249025260617843
0.573 0.6293622788799138 0.8219321137352719
0.574 0.624581426268103 0.8189205628035796
0.575 0.6197732474015616 0.8158676308646379
0.576 0.6149384814009518 0.8127730853015243
0.577 0.6100778870309388 0.8096367029283792
0.578 0.6051922430512562 0.8064582731828628
0.579 0.6002823483150785 0.8032376001703058
0.58 0.5953490200536871 0.7999744983219981
0.581 0.5903930943176866 0.7966687960957312
0.582 0.585415425320429 0.7933203357239895
0.583 0.5804168217517341 0.7899289830403389
0.584 0.5753983009295756 0.7864945913333973
0.585 0.570360707590146 0.7830170557772855
0.586 0.5653049569614328 0.7794962801185089
0.587 0.560231989116546 0.7759321829596607
0.588 0.5551427562618808 0.772324700187931
0.589 0.5500382249237947 0.7686737853004867
0.59 0.544919375233327 0.764979409760536
0.591 0.5397872000660257 0.7612415630480701
0.592 0.5346427047396449 0.7574602542505733
0.593 0.5294869055703633 0.7536355107161753
0.594 0.5243208302555041 0.7497673814208047
0.595 0.5191455157547971 0.7458559340850444
0.596 0.5139620086190444 0.7419012584020532
0.597 0.5087713634596215 0.7379034647638628
0.598 0.5035746425663 0.733862685742989
0.599 0.49837291483737195 0.7297790759976751
0.6 0.49316725501418757 0.7256528128895405
0.601 0.48795874279467455 0.721484096842072
0.602 0.4827484619871273 0.7172731517871733
0.603 0.4775374998298975 0.7130202259103136
0.604 0.4723269453060363 0.7087255905153993
0.605 0.4671178896666383 0.7043895429964415
0.606 0.46191142417078546 0.7000124046267926
0.607 0.4567086400327779 0.695594522387786
0.608 0.451510627105997 0.6911362685008835
0.609 0.44631847326390645 0.686638041138899
0.61 0.4411332636908125 0.6821002648937403
0.611 0.4359560791328577 0.6775233896445143
0.612 0.4307879965489339 0.6729078930234266
0.613 0.4256300854370623 0.6682542764966641
0.614 0.42048341159277175 0.6635630720222904
0.615 0.41534903144182733 0.6588348353377975
0.616 0.41022799500109064 0.6540701511849336
0.617 0.4051213415042404 0.6492696286730609
0.618 0.40003010175460546 0.6444339053373344
0.619 0.3949552957775198 0.6395636450602998
0.62 0.3898979322026187 0.6346595382028645
0.621 0.38485814832415577 0.6297213785625545
0.622 0.3798390253578991 0.6247521781995065
0.623 0.3748403120517366 0.6197513524644894
0.624 0.36986296167333377 0.6147196957372475
0.625 0.3649079126270216 0.6096580267187285
0.626 0.3599760976891021 0.6045671783578157
0.627 0.3550667805844008 0.5994465819766324
0.628 0.35018366512869487 0.5942996840888433
0.629 0.34532643967442045 0.5891263142029409
0.63 0.34049596025152995 0.5839274146106376
0.631 0.33569306416204137 0.5787039506950494
0.632 0.3309185693559203 0.5734569102621845
0.633 0.3261732740332259 0.5681873030516881
0.634 0.3214579561256492 0.5628961600907353
0.635 0.3167733726059524 0.5575845328721789
0.636 0.3121202597833668 0.552253493180412
0.637 0.30749933208124547 0.546904131774946
0.638 0.30291128236233295 0.5415375581042841
0.639 0.2983567810426473 0.5361548991428393
0.64 0.2938364766012357 0.5307572990687154
0.641 0.28935099458631286 0.5253459179376112
0.642 0.28490093716761533 0.5199219306928462
0.643 0.28048688476933914 0.5144865272722091
0.644 0.2761093935829582 0.5090409103283051
0.645 0.2717689968639136 0.5035862950571461
0.646 0.2674662047942655 0.4981239081411049
0.647 0.2632015033362724 0.492654986176201
0.648 0.2589753560178335 0.4871807755161288
0.649 0.25478820205923775 0.48170253028099763
0.65 0.2506404577622942 0.4762215119131229
0.651 0.24653251622260852 0.4707389878835171
0.652 0.24246474661937809 0.4652562302261715
0.653 0.23843749536184636 0.45977451484724186
0.654 0.2344510857152578 0.4542951201488921
0.655 0.23050581731881972 0.44881932562994553
0.656 0.226601969739218 0.4433484119871796
0.657 0.22273979618675488 0.43788365749912195
0.658 0.2189195302524469 0.43242633929228336
0.659 0.21514138234425548 0.42697773075530643
0.66 0.2114055414690043 0.42153910091371316
0.661 0.2077121747554271 0.41611171300331595
0.662 0.20406142813529626 0.4106968223122388
0.663 0.2004534245575857 0.4052956919490847
0.664 0.19688826191851874 0.39990961733427477
0.665 0.1933660431131634 0.3945396801675347
0.666 0.18988682203210971 0.3891871756153257
0.667 0.18645064248899348 0.38385330874985113
0.668 0.18305753022474047 0.3785392713466382
0.669 0.17970749137262798 0.3732462404013879
0.67 0.17640051403931517 0.36797537741853603
0.671 0.17313656821524345 0.3627278272920563
0.672 0.16991560575707942 0.3575047172379426
0.673 0.16673756215903573 0.352307156181376
0.674 0.16360235571885998 0.3471362335477571
0.675 0.16050988851587028 0.34199301852272096
0.676 0.15746004632563224 0.3368785590992425
0.677 0.1544527000077659 0.3317938814859268
0.678 0.15148770526843838 0.3267399891853178
0.679 0.14856490364977123 0.32171786238200967
0.68 0.1456841215126877 0.3167284569613404
0.681 0.14284517320932907 0.31177270439895977
0.682 0.14004785873777614 0.3068515106021261
0.683 0.13729196573883637 0.3019657556452204
0.684 0.13457726969213593 0.29711629319250715
0.685 0.13190353423703274 0.292303949990758
0.686 0.1292705117046813 0.2875295254427922
0.687 0.12667794355585263 0.2827937912049476
0.688 0.12412556082801893 0.2780974908343754
0.689 0.1216130843906094 0.2734413394418017
0.69 0.11914022625232602 0.2688260235586416
0.691 0.11670668831803341 0.264252200557644
0.692 0.11431216439342698 0.2597205028688491
0.693 0.11195633860245865 0.25523154542910226
0.694 0.10963889219554014 0.25078585710231266
0.695 0.10735949344951468 0.24638399970175626
0.696 0.10511780629421212 0.2420264842866584
0.697 0.1029134868517287 0.23771379230937104
0.698 0.10074618610147872 0.23344637598380416
0.699 0.09861554868367874 0.22922465816125492
0.7 0.09652121427940769 0.22504903258122078
0.701 0.09446281693149798 0.22091986389790677
0.702 0.09243998662737749 0.2168374880300593
0.703 0.09045234864579263 0.21280221225406182
0.704 0.08849952435022318 0.20881431551864704
0.705 0.08658113168280519 0.2048740487508192
0.706 0.08469678514360186 0.20098163512786157
0.707 0.08284609635724127 0.19713727045311386
0.708 0.08102867428079974 0.19334112351212165
0.709 0.07924412553882544 0.18959333646582865
0.71 0.07749205473829447 0.18589402528210472
0.711 0.07577206477113044 0.18224328016925276
0.712 0.07408375704957866 0.17864116603703023
0.713 0.07242673182918243 0.17508772298310912
0.714 0.07080058844456684 0.17158296679151366
0.715 0.06920492557836726 0.1681268894468935
0.716 0.06763934151084292 0.16471945967121993
0.717 0.06610343436537458 0.16136062346740943
0.718 0.06459680232312781 0.15805030467956388
0.719 0.06311904386310285 0.15478840556112125
0.72 0.061669757973009644 0.15157480735815837
0.721 0.06024854435300413 0.1484093708970653
0.722 0.05885500362066542 0.14529193718155156
0.723 0.0574887374742893 0.14222232799365003
0.724 0.05614934899637889 0.13920034651311133
0.725 0.054836442593672624 0.13622577790725676
0.726 0.05354962441849557 0.13329838996988966
0.727 0.05228850237919072 0.13041793372469515
0.728 0.05105268631114425 0.12758414404315052
0.729 0.0498417881911388 0.12479674026918593
0.73 0.048655422207176675 0.12205542682884656
0.731 0.04749320492564645 0.11935989384647666
0.732 0.0463547553651918 0.11670981775206038
0.733 0.04523969523361783 0.1141048618985544
0.734 0.04414764890689965 0.1115446771511243
0.735 0.043078243617550395 0.10902890249298919
0.736 0.04203110953203042 0.10655716561315214
0.737 0.041005879843217026 0.10412908349051873
0.738 0.04000219086151729 0.1017442629707151
0.739 0.03901968209415445 0.09940230133391142
0.74 0.03805799634038775 0.09710278685696018
0.741 0.03711677975512982 0.09484529936326906
0.742 0.03619568189194166 0.09262941076199309
0.743 0.035294355809546166 0.09045468558350989
0.744 0.0344124580991538 0.08832068149815393
0.745 0.03354964894006044 0.08622694982657109
0.746 0.03270559216727575 0.08417303604133282
0.747 0.03187995528589711 0.0821584802523497
0.748 0.03107240954357328 0.08018281768655451
0.749 0.03028262993857344 0.07824557915070483
0.75 0.02951029526919965 0.07634629148584748
0.751 0.0287550881537363 0.07448447800795559
0.752 0.028016695057537823 0.07265965893708873
0.753 0.027294806314540947 0.07087135181425133
0.754 0.026589116143897987 0.06911907190566689
0.755 0.025899322661520216 0.06740233259467915
0.756 0.025225127898561385 0.06572064576233322
0.757 0.02456623780423639 0.06407352215405243
0.758 0.023922362243207644 0.06246047173399315
0.759 0.02329321501838302 0.060881004030048765
0.76 0.02267851385577995 0.05933462846289105
0.761 0.022077980399764545 0.05782085466414187
0.762 0.021491340221238518 0.056339192784525614
0.763 0.02091832279868619 0.05488915378716429
0.764 0.020358661510744613 0.05347024973071793
0.765 0.019812093631816182 0.05208199404167053
0.766 0.019278360310986255 0.050723901773363646
0.767 0.018757206555479404 0.049395489854454674
0.768 0.01824838121994655 0.04809627732751716
0.769 0.01775163698494679 0.04682578557552778
0.77 0.01726673033531884 0.045583538537887325
0.771 0.016793421630988268 0.04436906753497289
0.772 0.016331474683467833 0.04318189079426002
0.773 0.015880657437413633 0.04202155083434947
0.774 0.015440741299701966 0.040887580524569034
0.775 0.0150115014187577 0.03977951941752986
0.776 0.0145927165951623 0.03869691069911142
0.777 0.014184169252185757 0.03763930133638167
0.778 0.013785645405339296 0.03660624221556306
0.779 0.013396934630969937 0.03559728827135587
0.78 0.013017830034004184 0.03461199860786346
0.781 0.012648128214924833 0.03364993661129164
0.782 0.01228762923598599 0.03271067005477769
0.783 0.011936136586821324 0.031793771195455296
0.784 0.01159345714936691 0.03089881686411314
0.785 0.011259401162274217 0.030025388547631728
0.786 0.010933782184798084 0.029173072464455392
0.787 0.010616417060231701 0.028341459633297122
0.788 0.01030712587892937 0.027530145935392217
0.789 0.010005731940954415 0.026738732170446276
0.79 0.00971206171842784 0.025966824106587766
0.791 0.00942594481760374 0.025214032524468227
0.792 0.00914721394068511 0.02447997325585129
0.793 0.008875704847478209 0.02376426721675917
0.794 0.008611256316866326 0.023066540435571267
0.795 0.008353710108194407 0.022386424076135288
0.796 0.008102910922543203 0.021723554456200816
0.797 0.007858706363984492 0.02107757306134274
0.798 0.007620946900778605 0.02044812655458667
0.799 0.007389485826611286 0.01983486678194633
0.8 0.00716417924958819 0.019237448595241746
0.801 0.006944883989990107 0.018655550390891475
0.802 0.006731460082240128 0.01808886601087776
0.803 0.006523780366698899 0.017536974134724704
0.804 0.006321706574236331 0.016999605437069774
0.805 0.006125108085557251 0.01647644255920408
0.806 0.005933856886168047 0.015967173358342652
0.807 0.005747827478657538 0.015471490775051716
0.808 0.005566896845330513 0.01498909280844191
0.809 0.005390944411244356 0.014519682488558476
0.81 0.00521985200747748 0.014062967846129804
0.811 0.0050535064337747 0.01361866606612947
0.812 0.004891786432923888 0.013186482556866748
0.813 0.004734588626049675 0.012766152635555346
0.814 0.004581801523739563 0.01235739991201474
0.815 0.0044333184522208115 0.011959956919063036
0.816 0.004289034934897712 0.011573561038027272
0.817 0.0041488486494231135 0.01119795444926572
0.818 0.00401265938309306 0.01083288410915861
0.819 0.003880368981734016 0.010478101713472281
0.82 0.0037518812950454975 0.010133363630512484
0.821 0.003627102125902178 0.009798430796383675
0.822 0.003505939360740805 0.009473128697663634
0.823 0.0033883002891946156 0.009157105312392194
0.824 0.003274098752757476 0.008850194879121972
0.825 0.0031632483110613225 0.008552175709066136
0.826 0.003055664369524355 0.00826283042247034
0.827 0.0029512641447024817 0.00798194589032991
0.828 0.0028499666321624186 0.0077093131811187
0.829 0.0027516925752427528 0.007444727507144239
0.83 0.002656364433708644 0.007187988170359027
0.831 0.0025639063530340047 0.00693889850773987
0.832 0.002474244133565457 0.00669726583599782
0.833 0.00238730519989345 0.006462901395441918
0.834 0.002303018569855182 0.006235620292158888
0.835 0.0022213148223327404 0.006015241436179391
0.836 0.0021421260620304544 0.005801587468820261
0.837 0.0020653858762686886 0.005594484654319434
0.838 0.0019910292737939164 0.005393762626413372
0.839 0.0019189933998500876 0.005199254481806339
0.84 0.001849215651520539 0.005010786755664891
0.841 0.0017816450800274245 0.004828228172923119
0.842 0.0017162040091054695 0.0046514177036365975
0.843 0.0016528368529538009 0.004480181909019391
0.844 0.0015915083799729118 0.0043143772391965995
0.845 0.0015321416255670713 0.004153864375660491
0.846 0.0014746897132773035 0.003998498555202928
0.847 0.0014191004717074706 0.0038481393673038583
0.848 0.0013653219121471398 0.003702651062648657
0.849 0.0013133039091373802 0.003561900039574879
0.85 0.0012629973524631018 0.003425755917880484
0.851 0.0012143542855772326 0.0032940912728607
0.852 0.0011673278841580201 0.0031667815805460093
0.853 0.00112187212149565 0.0030437054446072896
0.854 0.0010779429032933083 0.00292474348876126
0.855 0.0010354969464518573 0.0028097794316630587
0.856 9.94490837851419E-4 0.0026987005610081102
0.857 9.54883487829899E-4 0.002591395780332013
0.858 9.166344111033629E-4 0.002487756923527878
0.859 8.797041041287045E-4 0.002387678383447367
0.86 8.440540263845392E-4 0.0022910570639552933
0.861 8.096465803960202E-4 0.0021977923337559205
0.862 7.764450919451585E-4 0.0021077859806036235
0.863 7.444137905204475E-4 0.0020209421657803963
0.864 7.135177918215891E-4 0.001937167081585026
0.865 6.837230643413466E-4 0.0018563711935753232
0.866 6.549964427541897E-4 0.0017784631254730838
0.867 6.273055011030684E-4 0.0017033571671014691
0.868 6.006187082268279E-4 0.001630968303789145
0.869 5.749059587611473E-4 0.0015612139657387157
0.87 5.501365198080791E-4 0.0014940136178528867
0.871 5.262815189579578E-4 0.001429288769216249
0.872 5.033125355215166E-4 0.00136696290742162
0.873 4.8120188184364645E-4 0.0013069614621368806
0.874 4.5992258766500984E-4 0.0012492117663072822
0.875 4.3944838476448953E-4 0.001193643017317924
0.876 4.1975369187494284E-4 0.0011401862387352818
0.877 4.008135998689091E-4 0.0010887742426239826
0.878 3.826038572109254E-4 0.0010393415924392173
0.879 3.651008556701377E-4 9.918245664900147E-4
0.88 3.482816162935581E-4 9.461611219720444E-4
0.881 3.321237756322149E-4 9.022908595662197E-4
0.882 3.16605558807982E-4 8.601570190135194E-4
0.883 3.017058219475566E-4 8.196980054961271E-4
0.884 2.8740395241327415E-4 7.808605011902708E-4
0.885 2.7367991598727044E-4 7.435903396733277E-4
0.886 2.605142287488223E-4 7.078348320647726E-4
0.887 2.4788794466294354E-4 6.735427333217478E-4
0.888 2.357826489695827E-4 6.406642108027821E-4
0.889 2.241804219561626E-4 6.091508146513088E-4
0.89 2.1306387357097306E-4 5.78955271681199E-4
0.891 2.024160830966527E-4 5.500325799797439E-4
0.892 1.9222062384982943E-4 5.223371477027721E-4
0.893 1.8246149806345476E-4 4.958261586385378E-4
0.894 1.7312292380120082E-4 4.7045936378477596E-4
0.895 1.6419106947794464E-4 4.461908989539558E-4
0.896 1.5564946191475997E-4 4.2298616747124974E-4
0.897 1.4748728135820585E-4 4.008124687591367E-4
0.898 1.3968428945443812E-4 3.7961326482380844E-4
0.899 1.3223320664152647E-4 3.5936759187876895E-4
0.9 1.2511889872460222E-4 3.400368395264975E-4
0.901 1.1832899564174789E-4 3.2158661269036644E-4
0.902 1.1185110778554698E-4 3.039840141457381E-4
0.903 1.0567308364305135E-4 2.8719701056728917E-4
0.904 9.978240828481656E-5 2.711941078841365E-4
0.905 9.417130084685466E-5 2.559455075463676E-4
0.906 8.882690338273749E-5 2.414217014923517E-4
0.907 8.374104316782998E-5 2.2759589648933262E-4
0.908 7.889702999361905E-5 2.144371515641976E-4
0.909 7.42918105548799E-5 2.01921672683716E-4
0.91 6.991337768145995E-5 1.9002582675640335E-4
0.911 6.575295890631433E-5 1.787160846476196E-4
0.912 6.180126275602255E-5 1.6797691308015594E-4
0.913 5.8049888187766464E-5 1.5778150398829962E-4
0.914 5.449065319700727E-5 1.4810837537479135E-4
0.915 5.111537934176215E-5 1.3893511537305976E-4
0.916 4.791633733342289E-5 1.3024050641094584E-4
0.917 4.488605558198395E-5 1.220041370417172E-4
0.918 4.2016592905984894E-5 1.142061434303722E-4
0.919 3.930243418739888E-5 1.0682768164718164E-4
