0.25 0.9994430650952636 0.9997951149571422
0.2599984050876008 0.9992759199216685 0.9997335038485335
0.26999584897868767 0.9990642426666217 0.9996555503691287
0.27999180320433065 0.9987979347119845 0.9995574486206963
0.2899854549588229 0.9984643634047429 0.9994345219537156
0.2999755736591184 0.9980482415834744 0.9992811012654638
0.3099603083212341 0.997531133798612 0.99909033523934
0.3199368934220435 0.9968909034299495 0.9988539749808031
0.32990122690397095 0.9961011187880757 0.9985621380571705
0.33984727447073665 0.9951304603186247 0.9982030652532692
0.3497662475258134 0.9939422113995967 0.9977628976845521
0.3596455059464909 0.992493978622401 0.997225524969438
0.36946716558772036 0.9907378776689831 0.9965725888815715
0.37920646799844343 0.988621530093741 0.9957837693367233
0.38883012681255164 0.9860903061745894 0.9948375179130998
0.39829510910495125 0.9830912299471573 0.9937124068772019
0.4075490630951171 0.9795786041512863 0.9923890911814248
0.4165346510681487 0.9755191112750338 0.9908524244138532
0.42520246647898374 0.9708936954274838 0.9890916939429162
0.4335045408353165 0.9657041740914886 0.9871036874540958
0.4413875010376126 0.9599850376941623 0.9848973063114366
0.4486964802084349 0.9538977265785812 0.9825308317228549
0.4555102157949478 0.9474572726367854 0.9800065628038528
0.46183818526520287 0.9407395075875287 0.97735085385529
0.4676866304321184 0.9338362947373087 0.9745973145128257
0.47308911907374684 0.9268133855355528 0.9717700780643252
0.4780788002324108 0.9197316356162315 0.9688924790542986
0.4826915329316757 0.9126403575082984 0.9659836851950429
0.4869626305641937 0.9055786298454513 0.9630594597742341
0.4909536619757583 0.8985253937183285 0.9601108954700279
0.4947974120307566 0.891296726434979 0.9570597006748831
0.4985966844929349 0.8837125215452312 0.9538260875291911
0.5021060381827789 0.8763032270146143 0.9506345530015423
0.5056865503652939 0.8683289759366487 0.9471632301286277
0.5092991006938384 0.8598441634389689 0.9434274891073163
0.5127481857351771 0.8513186716197656 0.9396292668890128
0.5160473750034674 0.8427644215950614 0.9357725762771858
0.5192290827723828 0.8341360462150739 0.9318352551219409
0.5222850687546617 0.8254911617641975 0.9278419883403713
0.5252279449422864 0.8168294049040619 0.9237914184197201
0.5280671858377687 0.8081549251894615 0.9196843111303782
0.5308120806668875 0.7994686351364638 0.9155199280306475
0.5334685576013422 0.7907788180180114 0.9113011526068446
0.5360433630680076 0.7820886571248987 0.9070283886817425
0.5385434775092405 0.7733979223721196 0.9027005841165388
0.5409720868293494 0.764717007350545 0.8983219053119689
0.5433355311800656 0.7560434707885049 0.8938902442064082
0.5456246437306745 0.7474318126678151 0.8894328784203784
0.5478666792212081 0.7387970603310692 0.8849053242532979
0.5500562215773368 0.7301750248261515 0.8803249221626158
0.5521952785979544 0.721572980161303 0.8756947447389918
0.5542830131585956 0.713009144905637 0.8710240820890598
0.5563282237763278 0.7044611719620301 0.8663000118575843
0.5583357213527509 0.6959208739219627 0.861517097422059
0.5602973324541136 0.6874351849190647 0.8567010241423334
0.562232495093897 0.6789307960283124 0.8518092746015739
0.5641318998048419 0.670458150784509 0.8468697350251317
0.5660002498332425 0.6620062034292852 0.8418751777491582
0.567839829040901 0.6535735376917515 0.8368240117829318
0.5696510144655018 0.6451671917979482 0.8317194668852161
0.5714354063743845 0.6367879968780421 0.8265613330095501
0.5731937992045187 0.6284401919628994 0.8213514591845892
0.5749289494902624 0.6201180527504808 0.8160856763937367
0.5766407300482307 0.6118294299733422 0.8107680778056578
0.5783318619245914 0.6035678871675657 0.8053938614890827
0.5800027434826555 0.5953378957205049 0.799965176449359
0.5816527202033126 0.5871489492165654 0.7944877065383897
0.5832856057469724 0.5789876786581719 0.7889523742510344
0.5849018369143218 0.5708585778167199 0.7833599344537006
0.5865012099424741 0.5627665195927207 0.7777152188692595
0.5880854264712618 0.5547097798592246 0.7720140611033691
0.58965505074853 0.5466891329674737 0.7662582172215187
0.591211506052582 0.538702501350847 0.760444918433307
0.5927545398428146 0.530755766858238 0.7545778343077871
0.5942857177361986 0.5228452870813443 0.7486536926290588
0.5958052114305992 0.5149744265657495 0.7426744200719275
0.597312982965722 0.5071475142235847 0.7366428182717746
0.5988111947108093 0.4993572566146422 0.7305527942142559
0.6002994722764304 0.49160945632479097 0.724408282677676
0.601778992316389 0.48390152265978026 0.7182070034524685
0.6032495702405153 0.47623846246235446 0.7119517833574198
0.6047098173010614 0.4686305469716689 0.7056515236568988
0.6061647461477687 0.4610551411456024 0.6992868868425477
0.6076125601728938 0.45352488787837186 0.6928678934431047
0.6090538506697026 0.44603988290542057 0.686394280023345
0.6104890964262667 0.4386007275735133 0.6798662318218022
0.6119181862710664 0.4312109828037418 0.6732866408397605
0.6133411129198605 0.4238734335477101 0.6666581303776425
0.6147574970604621 0.41659366621380295 0.6599842380708586
0.6161710879079316 0.40935350150896466 0.6532511849899445
0.6175822771200951 0.40215501513843793 0.646458040932053
0.6189889979812724 0.39501106928879265 0.6396173908798951
0.6203938914299142 0.38791091254237303 0.632718694949825
0.6217934788867718 0.38087440102035536 0.6257817233201974
0.6231930379592355 0.37387778182571574 0.618782460899637
0.6245907110708592 0.3669332808297165 0.6117321081780173
0.6259860802167161 0.3600433927130025 0.6046371629102402
0.6273822153188774 0.3531974558360495 0.5974824448446427
0.6287758346108857 0.3464129971982519 0.590288181132707
0.6301696317958305 0.3396794304237641 0.5830429610309514
0.6315651167412694 0.33299161383289366 0.5757412194747169
0.632960182094468 0.32636181760505867 0.5683971847664162
0.6343561344720273 0.31978696479890784 0.5610055502744207
0.6357547824536635 0.3132587495758869 0.553561682978345
0.6371554729419576 0.30678365114439804 0.5460706073273962
0.6385571103570193 0.30037024873471474 0.5385395666863012
0.6399603785750366 0.29401547873188444 0.5309700738237472
0.6413681121793489 0.287709470095434 0.5233489644782351
0.6427807358152449 0.28145224178152284 0.5156775065771901
0.6441976337493995 0.27524971577774526 0.5079610603279344
0.6456189953267937 0.2691017863912248 0.5002038262071395
0.6470450703493968 0.2630108456862994 0.4924061058006972
0.6484773608966985 0.25697233502623423 0.484563675875548
0.6499149873947501 0.2509922219876705 0.4766849006544339
0.6513600024859506 0.2450640839827303 0.4687624562680007
0.6528117831892621 0.23919298407841486 0.4608033292340771
0.6542706734040136 0.23337971316330802 0.452809668280498
0.6557395925181556 0.2276150634250353 0.4447696383372974
0.6572174252765106 0.2219061270223665 0.4366933951720583
0.6587047908249307 0.21625253036019423 0.42858259562343703
0.6602012526701737 0.21065928883292634 0.42044278816563857
0.6617092627484952 0.20511888330720343 0.4122666500864329
0.6632302409797651 0.19962918614843722 0.4040511021566998
0.6647564741882002 0.19422022218796722 0.39584267386464017
0.6663043120453547 0.18883696759765436 0.38755882432418176
0.667866743637973 0.18350752429210132 0.37924312114101294
0.6694446731692918 0.17823195223044633 0.3708965867494041
0.6710392765605155 0.17300952327797045 0.36251924205467323
0.6726306182526061 0.16790672921308186 0.354221098560392
0.6742615140448698 0.16278975888174885 0.34578563775932575
0.6759125147486699 0.15772536857497807 0.33732210212118663
0.6775849033398912 0.1527135174214365 0.32883141641204794
0.6792801319983014 0.14775384400245728 0.3203142971523989
0.6809994968763572 0.1428467385423481 0.31177277371982215
0.6827435934330132 0.1379947901410301 0.30321275850512036
0.6845124282678412 0.1332021893889336 0.2946434218376801
0.6863105556543836 0.12846110163298907 0.28605264805831876
0.6881445931565051 0.12375987111379327 0.2774198317922384
0.690012484274414 0.11910968367681271 0.26876680328769076
0.6918980724550943 0.11455451553703672 0.2601787538282322
0.6938412669935139 0.11000427526805415 0.2514869857439519
0.6958074241867247 0.10554665564278931 0.24286056635578124
0.6978414062037557 0.10108748774792972 0.2341186821002206
0.699925378462269 0.09667628115191526 0.22535768375467155
0.7020636802826075 0.09231239205660519 0.21657786883224991
0.7042582405368704 0.08800085537582049 0.20779105310692164
0.7064961847214005 0.0837743354119826 0.1990670348188477
0.7088191783912469 0.07956442798591043 0.19026639472975068
0.7111937701567734 0.07544247500222241 0.18154057723263164
0.713646410344485 0.07137209772068583 0.1728157716967254
0.7162054817745698 0.06732134214210693 0.16402454191278898
0.7188610474107511 0.06332267954062205 0.15523805409214983
0.7216194514995649 0.059382092685445344 0.14647195959719067
0.7244976732299325 0.05549268067003902 0.13771346885783337
0.7275064690457128 0.05165947415402437 0.1289763411065793
0.7306616872198047 0.047883728631616995 0.12026622904603534
0.7337865903434478 0.04437874133094088 0.11208676260733326
0.7367549616676217 0.04125510223819787 0.10471963268383007
0.7399778438738495 0.03807908773042821 0.09715292037751792
0.7431977992475962 0.035118434143378105 0.09002907917372246
0.7465406338044769 0.032256993504230204 0.08307872498117888
0.750123664378819 0.02941601737962858 0.0761137110253361
0.7540399849999778 0.02656126517425573 0.06904944298787112
0.7584927620660721 0.023610507425595728 0.06167791024995839
0.7632760144312838 0.020762526157448735 0.054494285519253644
0.7685527083230573 0.017972351279309854 0.04739042980019758
0.7744000701619803 0.015267748818120706 0.04044110138376437
0.7811073657351848 0.012608988610640902 0.033547939287410136
0.7884213913150937 0.010179169236229437 0.02719420959542898
0.7963116480455253 0.008026109591633575 0.02152042771363578
0.8047536233239015 0.006173052916146268 0.01660397674577316
0.8136986549272902 0.004627395383253196 0.012479339447453514
0.8230305115653277 0.003384767037290627 0.009147548741157016
0.8326320750877336 0.002418981871216447 0.006548256684309565
0.8424066989343413 0.0016901840882142475 0.0045810922329940435
0.8522851307949281 0.0011542075750683135 0.003131251414974333
0.8622224284278684 7.692204403573318E-4 0.0020881978994546396
0.872191509408297 4.990125271297753E-4 0.0013552945922530733
0.8821769765281844 3.139242217238985E-4 8.528744565085901E-4
0.8921705021666448 1.9052625200664702E-4 5.177345541761907E-4
0.9021677915525669 1.1079318859819497E-4 3.011091341130558E-4
0.9121667376732698 6.116232020749447E-5 1.662393273514681E-4
0.9221663633237328 3.164939894931167E-5 8.602730379707072E-5
0.9321662445664498 1.5078043874092314E-5 4.098529995360262E-5
0.942166212002439 6.439568352083735E-6 1.7504370684660312E-5
0.9521662046524909 2.3642769578831497E-6 6.426745422687743E-6
